# JRE version: OpenJDK Runtime Environment (11.0.12+7) (build 11.0.12+7-b1504.28-7817840)
# Java VM: OpenJDK 64-Bit Server VM (11.0.12+7-b1504.28-7817840, mixed mode, tiered, compressed oops, g1 gc, windows-amd64)
Heap:
 garbage-first heap   total 522240K, used 259922K [0x0000000080000000, 0x0000000100000000)
  region size 1024K, 7 young (7168K), 7 survivors (7168K)
 Metaspace       used 132378K, capacity 135669K, committed 136144K, reserved 1167360K
  class space    used 16508K, capacity 17719K, committed 17920K, reserved 1048576K
GC Heap History (20 events):
Event: 39.402 GC heap after
{Heap after GC invocations=60 (full 0):
 garbage-first heap   total 328704K, used 143398K [0x0000000080000000, 0x0000000100000000)
  region size 1024K, 8 young (8192K), 8 survivors (8192K)
 Metaspace       used 126752K, capacity 130119K, committed 130384K, reserved 1163264K
  class space    used 15975K, capacity 17244K, committed 17280K, reserved 1048576K
}
Event: 40.122 GC heap before
{Heap before GC invocations=60 (full 0):
 garbage-first heap   total 328704K, used 276518K [0x0000000080000000, 0x0000000100000000)
  region size 1024K, 138 young (141312K), 8 survivors (8192K)
 Metaspace       used 127134K, capacity 130479K, committed 130640K, reserved 1163264K
  class space    used 15998K, capacity 17249K, committed 17280K, reserved 1048576K
}
Event: 40.136 GC heap after
{Heap after GC invocations=61 (full 0):
 garbage-first heap   total 328704K, used 144105K [0x0000000080000000, 0x0000000100000000)
  region size 1024K, 8 young (8192K), 8 survivors (8192K)
 Metaspace       used 127134K, capacity 130479K, committed 130640K, reserved 1163264K
  class space    used 15998K, capacity 17249K, committed 17280K, reserved 1048576K
}
Event: 40.885 GC heap before
{Heap before GC invocations=61 (full 0):
 garbage-first heap   total 328704K, used 211689K [0x0000000080000000, 0x0000000100000000)
  region size 1024K, 64 young (65536K), 8 survivors (8192K)
 Metaspace       used 128357K, capacity 131807K, committed 131920K, reserved 1163264K
  class space    used 16138K, capacity 17430K, committed 17536K, reserved 1048576K
}
Event: 40.905 GC heap after
{Heap after GC invocations=62 (full 0):
 garbage-first heap   total 328704K, used 162042K [0x0000000080000000, 0x0000000100000000)
  region size 1024K, 15 young (15360K), 15 survivors (15360K)
 Metaspace       used 128357K, capacity 131807K, committed 131920K, reserved 1163264K
  class space    used 16138K, capacity 17430K, committed 17536K, reserved 1048576K
}
Event: 41.633 GC heap before
{Heap before GC invocations=63 (full 0):
 garbage-first heap   total 328704K, used 284922K [0x0000000080000000, 0x0000000100000000)
  region size 1024K, 114 young (116736K), 15 survivors (15360K)
 Metaspace       used 129548K, capacity 132675K, committed 133328K, reserved 1165312K
  class space    used 16185K, capacity 17363K, committed 17664K, reserved 1048576K
}
Event: 41.688 GC heap after
{Heap after GC invocations=64 (full 0):
 garbage-first heap   total 328704K, used 198576K [0x0000000080000000, 0x0000000100000000)
  region size 1024K, 15 young (15360K), 15 survivors (15360K)
 Metaspace       used 129548K, capacity 132675K, committed 133328K, reserved 1165312K
  class space    used 16185K, capacity 17363K, committed 17664K, reserved 1048576K
}
Event: 41.694 GC heap before
{Heap before GC invocations=64 (full 0):
 garbage-first heap   total 328704K, used 199600K [0x0000000080000000, 0x0000000100000000)
  region size 1024K, 16 young (16384K), 15 survivors (15360K)
 Metaspace       used 129565K, capacity 132739K, committed 133584K, reserved 1165312K
  class space    used 16188K, capacity 17363K, committed 17664K, reserved 1048576K
}
Event: 41.719 GC heap after
{Heap after GC invocations=65 (full 0):
 garbage-first heap   total 328704K, used 190441K [0x0000000080000000, 0x0000000100000000)
  region size 1024K, 2 young (2048K), 2 survivors (2048K)
 Metaspace       used 129565K, capacity 132739K, committed 133584K, reserved 1165312K
  class space    used 16188K, capacity 17363K, committed 17664K, reserved 1048576K
}
Event: 41.964 GC heap before
{Heap before GC invocations=65 (full 0):
 garbage-first heap   total 328704K, used 261097K [0x0000000080000000, 0x0000000100000000)
  region size 1024K, 72 young (73728K), 2 survivors (2048K)
 Metaspace       used 129966K, capacity 133162K, committed 133840K, reserved 1165312K
  class space    used 16217K, capacity 17395K, committed 17664K, reserved 1048576K
}
Event: 42.006 GC heap after
{Heap after GC invocations=66 (full 0):
 garbage-first heap   total 395264K, used 224838K [0x0000000080000000, 0x0000000100000000)
  region size 1024K, 9 young (9216K), 9 survivors (9216K)
 Metaspace       used 129966K, capacity 133162K, committed 133840K, reserved 1165312K
  class space    used 16217K, capacity 17395K, committed 17664K, reserved 1048576K
}
Event: 42.557 GC heap before
{Heap before GC invocations=66 (full 0):
 garbage-first heap   total 395264K, used 299590K [0x0000000080000000, 0x0000000100000000)
  region size 1024K, 83 young (84992K), 9 survivors (9216K)
 Metaspace       used 130545K, capacity 133662K, committed 134480K, reserved 1165312K
  class space    used 16264K, capacity 17403K, committed 17792K, reserved 1048576K
}
Event: 42.603 GC heap after
{Heap after GC invocations=67 (full 0):
 garbage-first heap   total 395264K, used 252928K [0x0000000080000000, 0x0000000100000000)
  region size 1024K, 11 young (11264K), 11 survivors (11264K)
 Metaspace       used 130545K, capacity 133662K, committed 134480K, reserved 1165312K
  class space    used 16264K, capacity 17403K, committed 17792K, reserved 1048576K
}
Event: 43.054 GC heap before
{Heap before GC invocations=68 (full 0):
 garbage-first heap   total 395264K, used 309248K [0x0000000080000000, 0x0000000100000000)
  region size 1024K, 67 young (68608K), 11 survivors (11264K)
 Metaspace       used 131141K, capacity 134387K, committed 134992K, reserved 1167360K
  class space    used 16355K, capacity 17535K, committed 17792K, reserved 1048576K
}
Event: 43.084 GC heap after
{Heap after GC invocations=69 (full 0):
 garbage-first heap   total 395264K, used 259581K [0x0000000080000000, 0x0000000100000000)
  region size 1024K, 5 young (5120K), 5 survivors (5120K)
 Metaspace       used 131141K, capacity 134387K, committed 134992K, reserved 1167360K
  class space    used 16355K, capacity 17535K, committed 17792K, reserved 1048576K
}
Event: 43.204 GC heap before
{Heap before GC invocations=69 (full 0):
 garbage-first heap   total 395264K, used 272893K [0x0000000080000000, 0x0000000100000000)
  region size 1024K, 19 young (19456K), 5 survivors (5120K)
 Metaspace       used 131147K, capacity 134389K, committed 134992K, reserved 1167360K
  class space    used 16355K, capacity 17535K, committed 17792K, reserved 1048576K
}
Event: 43.215 GC heap after
{Heap after GC invocations=70 (full 0):
 garbage-first heap   total 395264K, used 255462K [0x0000000080000000, 0x0000000100000000)
  region size 1024K, 3 young (3072K), 3 survivors (3072K)
 Metaspace       used 131147K, capacity 134389K, committed 134992K, reserved 1167360K
  class space    used 16355K, capacity 17535K, committed 17792K, reserved 1048576K
}
Event: 44.729 GC heap before
{Heap before GC invocations=70 (full 0):
 garbage-first heap   total 395264K, used 317926K [0x0000000080000000, 0x0000000100000000)
  region size 1024K, 61 young (62464K), 3 survivors (3072K)
 Metaspace       used 131898K, capacity 135129K, committed 135632K, reserved 1167360K
  class space    used 16438K, capacity 17655K, committed 17920K, reserved 1048576K
}
Event: 44.793 GC heap after
{Heap after GC invocations=71 (full 0):
 garbage-first heap   total 395264K, used 263098K [0x0000000080000000, 0x0000000100000000)
  region size 1024K, 6 young (6144K), 6 survivors (6144K)
 Metaspace       used 131898K, capacity 135129K, committed 135632K, reserved 1167360K
  class space    used 16438K, capacity 17655K, committed 17920K, reserved 1048576K
}
Event: 46.401 GC heap before
{Heap before GC invocations=72 (full 0):
 garbage-first heap   total 395264K, used 316346K [0x0000000080000000, 0x0000000100000000)
  region size 1024K, 63 young (64512K), 6 survivors (6144K)
 Metaspace       used 132378K, capacity 135669K, committed 136144K, reserved 1167360K
  class space    used 16508K, capacity 17719K, committed 17920K, reserved 1048576K
}

